{"D:\\EPAM\\FullStack project\\full-stack-project-photo-gallery\\src\\constants.ts": {"path":"D:\\EPAM\\FullStack project\\full-stack-project-photo-gallery\\src\\constants.ts","statementMap":{"0":{"start":{"line":1,"column":26},"end":{"line":1,"column":29}},"1":{"start":{"line":2,"column":36},"end":{"line":2,"column":37}},"2":{"start":{"line":3,"column":37},"end":{"line":3,"column":38}}},"fnMap":{},"branchMap":{},"s":{"0":1,"1":1,"2":1},"f":{},"b":{},"_coverageSchema":"1a1c01bbd47fc00a2c39e90264f33305004495a9","hash":"a943a7fb81c863caadb2a3a52dd998a052533682"}
,"D:\\EPAM\\FullStack project\\full-stack-project-photo-gallery\\src\\processImages.ts": {"path":"D:\\EPAM\\FullStack project\\full-stack-project-photo-gallery\\src\\processImages.ts","statementMap":{"0":{"start":{"line":3,"column":15},"end":{"line":3,"column":76}},"1":{"start":{"line":5,"column":19},"end":{"line":5,"column":49}},"2":{"start":{"line":6,"column":13},"end":{"line":6,"column":34}},"3":{"start":{"line":7,"column":15},"end":{"line":7,"column":113}},"4":{"start":{"line":9,"column":29},"end":{"line":13,"column":1}},"5":{"start":{"line":10,"column":2},"end":{"line":10,"column":26}},"6":{"start":{"line":11,"column":2},"end":{"line":11,"column":31}},"7":{"start":{"line":12,"column":2},"end":{"line":12,"column":22}},"8":{"start":{"line":15,"column":31},"end":{"line":25,"column":1}},"9":{"start":{"line":16,"column":19},"end":{"line":16,"column":52}},"10":{"start":{"line":17,"column":2},"end":{"line":22,"column":5}},"11":{"start":{"line":18,"column":18},"end":{"line":18,"column":47}},"12":{"start":{"line":19,"column":4},"end":{"line":19,"column":39}},"13":{"start":{"line":20,"column":4},"end":{"line":20,"column":50}},"14":{"start":{"line":21,"column":4},"end":{"line":21,"column":32}},"15":{"start":{"line":24,"column":2},"end":{"line":24,"column":31}},"16":{"start":{"line":27,"column":35},"end":{"line":34,"column":1}},"17":{"start":{"line":28,"column":19},"end":{"line":28,"column":61}},"18":{"start":{"line":29,"column":2},"end":{"line":29,"column":60}},"19":{"start":{"line":31,"column":2},"end":{"line":33,"column":3}},"20":{"start":{"line":32,"column":4},"end":{"line":32,"column":51}},"21":{"start":{"line":36,"column":26},"end":{"line":44,"column":1}},"22":{"start":{"line":37,"column":20},"end":{"line":37,"column":79}},"23":{"start":{"line":38,"column":22},"end":{"line":38,"column":51}},"24":{"start":{"line":39,"column":2},"end":{"line":39,"column":27}},"25":{"start":{"line":40,"column":2},"end":{"line":40,"column":52}},"26":{"start":{"line":41,"column":2},"end":{"line":41,"column":49}},"27":{"start":{"line":42,"column":2},"end":{"line":42,"column":37}},"28":{"start":{"line":43,"column":2},"end":{"line":43,"column":21}},"29":{"start":{"line":46,"column":26},"end":{"line":51,"column":1}},"30":{"start":{"line":47,"column":2},"end":{"line":49,"column":5}},"31":{"start":{"line":48,"column":4},"end":{"line":48,"column":59}},"32":{"start":{"line":50,"column":2},"end":{"line":50,"column":81}},"33":{"start":{"line":53,"column":25},"end":{"line":53,"column":88}},"34":{"start":{"line":53,"column":48},"end":{"line":53,"column":88}},"35":{"start":{"line":53,"column":66},"end":{"line":53,"column":88}},"36":{"start":{"line":55,"column":27},"end":{"line":63,"column":1}},"37":{"start":{"line":56,"column":2},"end":{"line":62,"column":3}},"38":{"start":{"line":57,"column":4},"end":{"line":57,"column":43}},"39":{"start":{"line":58,"column":4},"end":{"line":58,"column":20}},"40":{"start":{"line":59,"column":9},"end":{"line":62,"column":3}},"41":{"start":{"line":60,"column":4},"end":{"line":60,"column":44}},"42":{"start":{"line":61,"column":4},"end":{"line":61,"column":21}},"43":{"start":{"line":65,"column":18},"end":{"line":72,"column":1}},"44":{"start":{"line":66,"column":17},"end":{"line":66,"column":29}},"45":{"start":{"line":67,"column":2},"end":{"line":71,"column":3}},"46":{"start":{"line":68,"column":24},"end":{"line":68,"column":67}},"47":{"start":{"line":69,"column":4},"end":{"line":69,"column":49}},"48":{"start":{"line":70,"column":4},"end":{"line":70,"column":39}},"49":{"start":{"line":74,"column":32},"end":{"line":80,"column":1}},"50":{"start":{"line":75,"column":22},"end":{"line":75,"column":61}},"51":{"start":{"line":76,"column":2},"end":{"line":79,"column":3}},"52":{"start":{"line":77,"column":4},"end":{"line":77,"column":52}},"53":{"start":{"line":78,"column":4},"end":{"line":78,"column":40}},"54":{"start":{"line":82,"column":37},"end":{"line":83,"column":29}},"55":{"start":{"line":82,"column":65},"end":{"line":83,"column":29}},"56":{"start":{"line":83,"column":2},"end":{"line":83,"column":29}},"57":{"start":{"line":85,"column":38},"end":{"line":86,"column":30}},"58":{"start":{"line":85,"column":66},"end":{"line":86,"column":30}},"59":{"start":{"line":86,"column":2},"end":{"line":86,"column":30}},"60":{"start":{"line":89,"column":20},"end":{"line":92,"column":1}},"61":{"start":{"line":90,"column":2},"end":{"line":91,"column":81}},"62":{"start":{"line":94,"column":21},"end":{"line":97,"column":1}},"63":{"start":{"line":95,"column":2},"end":{"line":96,"column":82}},"64":{"start":{"line":99,"column":36},"end":{"line":113,"column":1}},"65":{"start":{"line":100,"column":2},"end":{"line":111,"column":3}},"66":{"start":{"line":102,"column":6},"end":{"line":102,"column":52}},"67":{"start":{"line":103,"column":6},"end":{"line":103,"column":39}},"68":{"start":{"line":104,"column":6},"end":{"line":104,"column":60}},"69":{"start":{"line":105,"column":6},"end":{"line":105,"column":12}},"70":{"start":{"line":107,"column":6},"end":{"line":107,"column":52}},"71":{"start":{"line":108,"column":6},"end":{"line":108,"column":92}},"72":{"start":{"line":109,"column":6},"end":{"line":109,"column":60}},"73":{"start":{"line":110,"column":6},"end":{"line":110,"column":12}},"74":{"start":{"line":112,"column":2},"end":{"line":112,"column":18}}},"fnMap":{"0":{"name":"(anonymous_0)","decl":{"start":{"line":9,"column":29},"end":{"line":9,"column":30}},"loc":{"start":{"line":9,"column":73},"end":{"line":13,"column":1}},"line":9},"1":{"name":"(anonymous_1)","decl":{"start":{"line":15,"column":31},"end":{"line":15,"column":32}},"loc":{"start":{"line":15,"column":75},"end":{"line":25,"column":1}},"line":15},"2":{"name":"(anonymous_2)","decl":{"start":{"line":17,"column":17},"end":{"line":17,"column":18}},"loc":{"start":{"line":17,"column":38},"end":{"line":22,"column":3}},"line":17},"3":{"name":"(anonymous_3)","decl":{"start":{"line":27,"column":35},"end":{"line":27,"column":36}},"loc":{"start":{"line":27,"column":41},"end":{"line":34,"column":1}},"line":27},"4":{"name":"(anonymous_4)","decl":{"start":{"line":36,"column":26},"end":{"line":36,"column":27}},"loc":{"start":{"line":36,"column":46},"end":{"line":44,"column":1}},"line":36},"5":{"name":"(anonymous_5)","decl":{"start":{"line":46,"column":26},"end":{"line":46,"column":27}},"loc":{"start":{"line":46,"column":32},"end":{"line":51,"column":1}},"line":46},"6":{"name":"(anonymous_6)","decl":{"start":{"line":47,"column":76},"end":{"line":47,"column":77}},"loc":{"start":{"line":47,"column":92},"end":{"line":49,"column":3}},"line":47},"7":{"name":"(anonymous_7)","decl":{"start":{"line":53,"column":25},"end":{"line":53,"column":26}},"loc":{"start":{"line":53,"column":48},"end":{"line":53,"column":88}},"line":53},"8":{"name":"(anonymous_8)","decl":{"start":{"line":53,"column":48},"end":{"line":53,"column":49}},"loc":{"start":{"line":53,"column":66},"end":{"line":53,"column":88}},"line":53},"9":{"name":"(anonymous_9)","decl":{"start":{"line":55,"column":27},"end":{"line":55,"column":28}},"loc":{"start":{"line":55,"column":53},"end":{"line":63,"column":1}},"line":55},"10":{"name":"(anonymous_10)","decl":{"start":{"line":65,"column":18},"end":{"line":65,"column":19}},"loc":{"start":{"line":65,"column":55},"end":{"line":72,"column":1}},"line":65},"11":{"name":"(anonymous_11)","decl":{"start":{"line":74,"column":32},"end":{"line":74,"column":33}},"loc":{"start":{"line":74,"column":38},"end":{"line":80,"column":1}},"line":74},"12":{"name":"(anonymous_12)","decl":{"start":{"line":82,"column":37},"end":{"line":82,"column":38}},"loc":{"start":{"line":82,"column":65},"end":{"line":83,"column":29}},"line":82},"13":{"name":"(anonymous_13)","decl":{"start":{"line":82,"column":65},"end":{"line":82,"column":66}},"loc":{"start":{"line":83,"column":2},"end":{"line":83,"column":29}},"line":83},"14":{"name":"(anonymous_14)","decl":{"start":{"line":85,"column":38},"end":{"line":85,"column":39}},"loc":{"start":{"line":85,"column":66},"end":{"line":86,"column":30}},"line":85},"15":{"name":"(anonymous_15)","decl":{"start":{"line":85,"column":66},"end":{"line":85,"column":67}},"loc":{"start":{"line":86,"column":2},"end":{"line":86,"column":30}},"line":86},"16":{"name":"(anonymous_16)","decl":{"start":{"line":89,"column":20},"end":{"line":89,"column":21}},"loc":{"start":{"line":89,"column":54},"end":{"line":92,"column":1}},"line":89},"17":{"name":"(anonymous_17)","decl":{"start":{"line":94,"column":21},"end":{"line":94,"column":22}},"loc":{"start":{"line":94,"column":55},"end":{"line":97,"column":1}},"line":94},"18":{"name":"(anonymous_18)","decl":{"start":{"line":99,"column":36},"end":{"line":99,"column":37}},"loc":{"start":{"line":99,"column":94},"end":{"line":113,"column":1}},"line":99}},"branchMap":{"0":{"loc":{"start":{"line":6,"column":13},"end":{"line":6,"column":34}},"type":"binary-expr","locations":[{"start":{"line":6,"column":13},"end":{"line":6,"column":23}},{"start":{"line":6,"column":27},"end":{"line":6,"column":34}}],"line":6},"1":{"loc":{"start":{"line":7,"column":15},"end":{"line":7,"column":113}},"type":"cond-expr","locations":[{"start":{"line":7,"column":67},"end":{"line":7,"column":68}},{"start":{"line":7,"column":71},"end":{"line":7,"column":113}}],"line":7},"2":{"loc":{"start":{"line":31,"column":2},"end":{"line":33,"column":3}},"type":"if","locations":[{"start":{"line":31,"column":2},"end":{"line":33,"column":3}},{"start":{"line":31,"column":2},"end":{"line":33,"column":3}}],"line":31},"3":{"loc":{"start":{"line":56,"column":2},"end":{"line":62,"column":3}},"type":"if","locations":[{"start":{"line":56,"column":2},"end":{"line":62,"column":3}},{"start":{"line":56,"column":2},"end":{"line":62,"column":3}}],"line":56},"4":{"loc":{"start":{"line":59,"column":9},"end":{"line":62,"column":3}},"type":"if","locations":[{"start":{"line":59,"column":9},"end":{"line":62,"column":3}},{"start":{"line":59,"column":9},"end":{"line":62,"column":3}}],"line":59},"5":{"loc":{"start":{"line":67,"column":2},"end":{"line":71,"column":3}},"type":"if","locations":[{"start":{"line":67,"column":2},"end":{"line":71,"column":3}},{"start":{"line":67,"column":2},"end":{"line":71,"column":3}}],"line":67},"6":{"loc":{"start":{"line":76,"column":2},"end":{"line":79,"column":3}},"type":"if","locations":[{"start":{"line":76,"column":2},"end":{"line":79,"column":3}},{"start":{"line":76,"column":2},"end":{"line":79,"column":3}}],"line":76},"7":{"loc":{"start":{"line":100,"column":2},"end":{"line":111,"column":3}},"type":"switch","locations":[{"start":{"line":101,"column":4},"end":{"line":105,"column":12}},{"start":{"line":106,"column":4},"end":{"line":110,"column":12}}],"line":100}},"s":{"0":1,"1":1,"2":1,"3":1,"4":1,"5":0,"6":0,"7":0,"8":1,"9":0,"10":0,"11":0,"12":0,"13":0,"14":0,"15":0,"16":1,"17":0,"18":0,"19":0,"20":0,"21":1,"22":0,"23":0,"24":0,"25":0,"26":0,"27":0,"28":0,"29":1,"30":0,"31":0,"32":0,"33":1,"34":0,"35":0,"36":1,"37":0,"38":0,"39":0,"40":0,"41":0,"42":0,"43":1,"44":0,"45":0,"46":0,"47":0,"48":0,"49":1,"50":0,"51":0,"52":0,"53":0,"54":1,"55":0,"56":0,"57":1,"58":0,"59":0,"60":1,"61":0,"62":1,"63":0,"64":1,"65":6,"66":3,"67":3,"68":3,"69":3,"70":3,"71":3,"72":3,"73":3,"74":6},"f":{"0":0,"1":0,"2":0,"3":0,"4":0,"5":0,"6":0,"7":0,"8":0,"9":0,"10":0,"11":0,"12":0,"13":0,"14":0,"15":0,"16":0,"17":0,"18":6},"b":{"0":[1,1],"1":[1,0],"2":[0,0],"3":[0,0],"4":[0,0],"5":[0,0],"6":[0,0],"7":[3,3]},"_coverageSchema":"1a1c01bbd47fc00a2c39e90264f33305004495a9","hash":"0568c746feebe079dc8447b0c7128a5d90877df4"}
}
